<?xml version="1.0" encoding="UTF-8"?>
<coverage generated="1708618642120" clover="3.2.0">
  <project timestamp="1708618642120" name="All files">
    <metrics statements="17" coveredstatements="8" conditionals="0" coveredconditionals="0" methods="8" coveredmethods="4" elements="25" coveredelements="12" complexity="0" loc="17" ncloc="17" packages="1" files="3" classes="3"/>
    <file name="GameSavingLoader.js" path="C:\mycode\Netology\сайты\Promises-async-await--Task_2-async-await\src\js\GameSavingLoader.js">
      <metrics statements="5" coveredstatements="5" conditionals="0" coveredconditionals="0" methods="1" coveredmethods="1"/>
      <line num="6" count="2" type="stmt"/>
      <line num="7" count="2" type="stmt"/>
      <line num="8" count="1" type="stmt"/>
      <line num="9" count="1" type="stmt"/>
      <line num="11" count="1" type="stmt"/>
    </file>
    <file name="parcer.js" path="C:\mycode\Netology\сайты\Promises-async-await--Task_2-async-await\src\js\parcer.js">
      <metrics statements="3" coveredstatements="3" conditionals="0" coveredconditionals="0" methods="3" coveredmethods="3"/>
      <line num="2" count="1" type="stmt"/>
      <line num="4" count="1" type="stmt"/>
      <line num="5" count="1" type="stmt"/>
    </file>
    <file name="reader.js" path="C:\mycode\Netology\сайты\Promises-async-await--Task_2-async-await\src\js\reader.js">
      <metrics statements="9" coveredstatements="0" conditionals="0" coveredconditionals="0" methods="4" coveredmethods="0"/>
      <line num="2" count="0" type="stmt"/>
      <line num="4" count="0" type="stmt"/>
      <line num="5" count="0" type="stmt"/>
      <line num="6" count="0" type="stmt"/>
      <line num="7" count="0" type="stmt"/>
      <line num="8" count="0" type="stmt"/>
      <line num="9" count="0" type="stmt"/>
      <line num="10" count="0" type="stmt"/>
      <line num="12" count="0" type="stmt"/>
    </file>
  </project>
</coverage>
