{"C:\\mycode\\Netology\\сайты\\Promises-async-await--Task_2-async-await\\src\\js\\GameSavingLoader.js": {"path":"C:\\mycode\\Netology\\сайты\\Promises-async-await--Task_2-async-await\\src\\js\\GameSavingLoader.js","statementMap":{"0":{"start":{"line":6,"column":4},"end":{"line":12,"column":5}},"1":{"start":{"line":7,"column":19},"end":{"line":7,"column":31}},"2":{"start":{"line":8,"column":21},"end":{"line":8,"column":37}},"3":{"start":{"line":9,"column":6},"end":{"line":9,"column":20}},"4":{"start":{"line":11,"column":6},"end":{"line":11,"column":42}}},"fnMap":{"0":{"name":"(anonymous_0)","decl":{"start":{"line":5,"column":2},"end":{"line":5,"column":3}},"loc":{"start":{"line":5,"column":22},"end":{"line":13,"column":3}},"line":5}},"branchMap":{},"s":{"0":2,"1":2,"2":1,"3":1,"4":1},"f":{"0":2},"b":{},"_coverageSchema":"1a1c01bbd47fc00a2c39e90264f33305004495a9","hash":"ab5c264d3e46e5e28f470432d05aa9b1c78d48fc"}
,"C:\\mycode\\Netology\\сайты\\Promises-async-await--Task_2-async-await\\src\\js\\parcer.js": {"path":"C:\\mycode\\Netology\\сайты\\Promises-async-await--Task_2-async-await\\src\\js\\parcer.js","statementMap":{"0":{"start":{"line":2,"column":2},"end":{"line":7,"column":5}},"1":{"start":{"line":4,"column":4},"end":{"line":6,"column":12}},"2":{"start":{"line":5,"column":6},"end":{"line":5,"column":70}}},"fnMap":{"0":{"name":"json","decl":{"start":{"line":1,"column":24},"end":{"line":1,"column":28}},"loc":{"start":{"line":1,"column":35},"end":{"line":8,"column":1}},"line":1},"1":{"name":"(anonymous_1)","decl":{"start":{"line":2,"column":21},"end":{"line":2,"column":22}},"loc":{"start":{"line":2,"column":34},"end":{"line":7,"column":3}},"line":2},"2":{"name":"(anonymous_2)","decl":{"start":{"line":4,"column":15},"end":{"line":4,"column":16}},"loc":{"start":{"line":4,"column":21},"end":{"line":6,"column":5}},"line":4}},"branchMap":{},"s":{"0":1,"1":1,"2":1},"f":{"0":1,"1":1,"2":1},"b":{},"_coverageSchema":"1a1c01bbd47fc00a2c39e90264f33305004495a9","hash":"474b099aa5269b037aec6a19f53ab6ad72e7ff3c"}
,"C:\\mycode\\Netology\\сайты\\Promises-async-await--Task_2-async-await\\src\\js\\reader.js": {"path":"C:\\mycode\\Netology\\сайты\\Promises-async-await--Task_2-async-await\\src\\js\\reader.js","statementMap":{"0":{"start":{"line":2,"column":2},"end":{"line":15,"column":5}},"1":{"start":{"line":4,"column":4},"end":{"line":14,"column":13}},"2":{"start":{"line":5,"column":19},"end":{"line":5,"column":124}},"3":{"start":{"line":6,"column":6},"end":{"line":13,"column":15}},"4":{"start":{"line":7,"column":23},"end":{"line":7,"column":56}},"5":{"start":{"line":8,"column":27},"end":{"line":8,"column":50}},"6":{"start":{"line":9,"column":8},"end":{"line":11,"column":9}},"7":{"start":{"line":9,"column":21},"end":{"line":9,"column":22}},"8":{"start":{"line":10,"column":10},"end":{"line":10,"column":46}},"9":{"start":{"line":12,"column":8},"end":{"line":12,"column":24}}},"fnMap":{"0":{"name":"read","decl":{"start":{"line":1,"column":24},"end":{"line":1,"column":28}},"loc":{"start":{"line":1,"column":31},"end":{"line":16,"column":1}},"line":1},"1":{"name":"(anonymous_1)","decl":{"start":{"line":2,"column":21},"end":{"line":2,"column":22}},"loc":{"start":{"line":2,"column":34},"end":{"line":15,"column":3}},"line":2},"2":{"name":"(anonymous_2)","decl":{"start":{"line":4,"column":15},"end":{"line":4,"column":16}},"loc":{"start":{"line":4,"column":21},"end":{"line":14,"column":5}},"line":4},"3":{"name":"(anonymous_3)","decl":{"start":{"line":6,"column":14},"end":{"line":6,"column":15}},"loc":{"start":{"line":6,"column":25},"end":{"line":13,"column":7}},"line":6}},"branchMap":{},"s":{"0":0,"1":0,"2":0,"3":0,"4":0,"5":0,"6":0,"7":0,"8":0,"9":0},"f":{"0":0,"1":0,"2":0,"3":0},"b":{},"_coverageSchema":"1a1c01bbd47fc00a2c39e90264f33305004495a9","hash":"ba00b48853c5a788f70b3bc63579dc10ca786521"}
}
